# JRE version: Java(TM) SE Runtime Environment (22.0.2+9) (build 22.0.2+9-70)
# Java VM: Java HotSpot(TM) 64-Bit Server VM (22.0.2+9-70, mixed mode, sharing, tiered, compressed oops, compressed class ptrs, g1 gc, windows-amd64)
GC Precious Log:
 CardTable entry size: 512
 Card Set container configuration: InlinePtr #cards 4 size 8 Array Of Cards #cards 32 size 80 Howl #buckets 8 coarsen threshold 7372 Howl Bitmap #cards 1024 size 144 coarsen threshold 921 Card regions per heap region 1 cards per card region 8192
 CPUs: 8 total, 8 available
 Memory: 3738M
 Large Page Support: Disabled
 NUMA Support: Disabled
 Compressed Oops: Enabled (Zero based)
 Heap Region Size: 4M
 Heap Min Capacity: 8M
 Heap Initial Capacity: 60M
 Heap Max Capacity: 8G
 Pre-touch: Disabled
 Parallel Workers: 8
 Concurrent Workers: 2
 Concurrent Refinement Workers: 8
 Periodic GC: Disabled
Heap:
 garbage-first heap   total reserved 8388608K, committed 73728K, used 37496K [0x0000000600000000, 0x0000000800000000)
  region size 4096K, 2 young (8192K), 1 survivors (4096K)
 Metaspace       used 39288K, committed 40640K, reserved 1114112K
  class space    used 5635K, committed 6272K, reserved 1048576K
GC Heap History (20 events):
Event: 86.537 GC heap before
{Heap before GC invocations=5 (full 0):
 garbage-first heap   total reserved 8388608K, committed 61440K, used 45699K [0x0000000600000000, 0x0000000800000000)
  region size 4096K, 7 young (28672K), 1 survivors (4096K)
 Metaspace       used 16159K, committed 16768K, reserved 1114112K
  class space    used 2229K, committed 2496K, reserved 1048576K
}
Event: 86.638 GC heap after
{Heap after GC invocations=6 (full 0):
 garbage-first heap   total reserved 8388608K, committed 61440K, used 22629K [0x0000000600000000, 0x0000000800000000)
  region size 4096K, 1 young (4096K), 1 survivors (4096K)
 Metaspace       used 16159K, committed 16768K, reserved 1114112K
  class space    used 2229K, committed 2496K, reserved 1048576K
}
Event: 95.812 GC heap before
{Heap before GC invocations=6 (full 0):
 garbage-first heap   total reserved 8388608K, committed 61440K, used 39013K [0x0000000600000000, 0x0000000800000000)
  region size 4096K, 6 young (24576K), 1 survivors (4096K)
 Metaspace       used 18851K, committed 19456K, reserved 1114112K
  class space    used 2713K, committed 3008K, reserved 1048576K
}
Event: 95.835 GC heap after
{Heap after GC invocations=7 (full 0):
 garbage-first heap   total reserved 8388608K, committed 61440K, used 23932K [0x0000000600000000, 0x0000000800000000)
  region size 4096K, 1 young (4096K), 1 survivors (4096K)
 Metaspace       used 18851K, committed 19456K, reserved 1114112K
  class space    used 2713K, committed 3008K, reserved 1048576K
}
Event: 102.536 GC heap before
{Heap before GC invocations=7 (full 0):
 garbage-first heap   total reserved 8388608K, committed 61440K, used 36220K [0x0000000600000000, 0x0000000800000000)
  region size 4096K, 5 young (20480K), 1 survivors (4096K)
 Metaspace       used 20888K, committed 21504K, reserved 1114112K
  class space    used 3051K, committed 3328K, reserved 1048576K
}
Event: 102.555 GC heap after
{Heap after GC invocations=8 (full 0):
 garbage-first heap   total reserved 8388608K, committed 61440K, used 25142K [0x0000000600000000, 0x0000000800000000)
  region size 4096K, 1 young (4096K), 1 survivors (4096K)
 Metaspace       used 20888K, committed 21504K, reserved 1114112K
  class space    used 3051K, committed 3328K, reserved 1048576K
}
Event: 107.984 GC heap before
{Heap before GC invocations=9 (full 0):
 garbage-first heap   total reserved 8388608K, committed 61440K, used 45622K [0x0000000600000000, 0x0000000800000000)
  region size 4096K, 7 young (28672K), 1 survivors (4096K)
 Metaspace       used 23994K, committed 24896K, reserved 1114112K
  class space    used 3630K, committed 4032K, reserved 1048576K
}
Event: 108.139 GC heap after
{Heap after GC invocations=10 (full 0):
 garbage-first heap   total reserved 8388608K, committed 61440K, used 27465K [0x0000000600000000, 0x0000000800000000)
  region size 4096K, 1 young (4096K), 1 survivors (4096K)
 Metaspace       used 23994K, committed 24896K, reserved 1114112K
  class space    used 3630K, committed 4032K, reserved 1048576K
}
Event: 121.880 GC heap before
{Heap before GC invocations=10 (full 0):
 garbage-first heap   total reserved 8388608K, committed 61440K, used 47945K [0x0000000600000000, 0x0000000800000000)
  region size 4096K, 7 young (28672K), 1 survivors (4096K)
 Metaspace       used 27198K, committed 28096K, reserved 1114112K
  class space    used 4050K, committed 4480K, reserved 1048576K
}
Event: 122.081 GC heap after
{Heap after GC invocations=11 (full 0):
 garbage-first heap   total reserved 8388608K, committed 73728K, used 29516K [0x0000000600000000, 0x0000000800000000)
  region size 4096K, 1 young (4096K), 1 survivors (4096K)
 Metaspace       used 27198K, committed 28096K, reserved 1114112K
  class space    used 4050K, committed 4480K, reserved 1048576K
}
Event: 137.497 GC heap before
{Heap before GC invocations=11 (full 0):
 garbage-first heap   total reserved 8388608K, committed 73728K, used 58188K [0x0000000600000000, 0x0000000800000000)
  region size 4096K, 8 young (32768K), 1 survivors (4096K)
 Metaspace       used 30332K, committed 31552K, reserved 1114112K
  class space    used 4594K, committed 5184K, reserved 1048576K
}
Event: 137.582 GC heap after
{Heap after GC invocations=12 (full 0):
 garbage-first heap   total reserved 8388608K, committed 73728K, used 31272K [0x0000000600000000, 0x0000000800000000)
  region size 4096K, 1 young (4096K), 1 survivors (4096K)
 Metaspace       used 30332K, committed 31552K, reserved 1114112K
  class space    used 4594K, committed 5184K, reserved 1048576K
}
Event: 162.020 GC heap before
{Heap before GC invocations=12 (full 0):
 garbage-first heap   total reserved 8388608K, committed 73728K, used 55848K [0x0000000600000000, 0x0000000800000000)
  region size 4096K, 8 young (32768K), 1 survivors (4096K)
 Metaspace       used 34903K, committed 36160K, reserved 1114112K
  class space    used 5206K, committed 5824K, reserved 1048576K
}
Event: 162.445 GC heap after
{Heap after GC invocations=13 (full 0):
 garbage-first heap   total reserved 8388608K, committed 73728K, used 33326K [0x0000000600000000, 0x0000000800000000)
  region size 4096K, 1 young (4096K), 1 survivors (4096K)
 Metaspace       used 34903K, committed 36160K, reserved 1114112K
  class space    used 5206K, committed 5824K, reserved 1048576K
}
Event: 164.569 GC heap before
{Heap before GC invocations=14 (full 0):
 garbage-first heap   total reserved 8388608K, committed 73728K, used 37422K [0x0000000600000000, 0x0000000800000000)
  region size 4096K, 2 young (8192K), 1 survivors (4096K)
 Metaspace       used 36020K, committed 37312K, reserved 1114112K
  class space    used 5320K, committed 5952K, reserved 1048576K
}
Event: 164.636 GC heap after
{Heap after GC invocations=15 (full 0):
 garbage-first heap   total reserved 8388608K, committed 73728K, used 34124K [0x0000000600000000, 0x0000000800000000)
  region size 4096K, 1 young (4096K), 1 survivors (4096K)
 Metaspace       used 36020K, committed 37312K, reserved 1114112K
  class space    used 5320K, committed 5952K, reserved 1048576K
}
Event: 165.889 GC heap before
{Heap before GC invocations=15 (full 0):
 garbage-first heap   total reserved 8388608K, committed 73728K, used 38220K [0x0000000600000000, 0x0000000800000000)
  region size 4096K, 2 young (8192K), 1 survivors (4096K)
 Metaspace       used 36752K, committed 38080K, reserved 1114112K
  class space    used 5435K, committed 6080K, reserved 1048576K
}
Event: 166.121 GC heap after
{Heap after GC invocations=16 (full 0):
 garbage-first heap   total reserved 8388608K, committed 73728K, used 34179K [0x0000000600000000, 0x0000000800000000)
  region size 4096K, 1 young (4096K), 1 survivors (4096K)
 Metaspace       used 36752K, committed 38080K, reserved 1114112K
  class space    used 5435K, committed 6080K, reserved 1048576K
}
Event: 169.420 GC heap before
{Heap before GC invocations=16 (full 0):
 garbage-first heap   total reserved 8388608K, committed 73728K, used 54659K [0x0000000600000000, 0x0000000800000000)
  region size 4096K, 6 young (24576K), 1 survivors (4096K)
 Metaspace       used 37748K, committed 39040K, reserved 1114112K
  class space    used 5513K, committed 6144K, reserved 1048576K
}
Event: 169.509 GC heap after
{Heap after GC invocations=17 (full 0):
 garbage-first heap   total reserved 8388608K, committed 73728K, used 36347K [0x0000000600000000, 0x0000000800000000)
  region size 4096K, 1 young (4096K), 1 survivors (4096K)
 Metaspace       used 37748K, committed 39040K, reserved 1114112K
  class space    used 5513K, committed 6144K, reserved 1048576K
}

