# JRE version: Java(TM) SE Runtime Environment (22.0.2+9) (build 22.0.2+9-70)
# Java VM: Java HotSpot(TM) 64-Bit Server VM (22.0.2+9-70, mixed mode, sharing, tiered, compressed oops, compressed class ptrs, g1 gc, windows-amd64)
GC Precious Log:
 CardTable entry size: 512
 Card Set container configuration: InlinePtr #cards 4 size 8 Array Of Cards #cards 16 size 48 Howl #buckets 8 coarsen threshold 3686 Howl Bitmap #cards 512 size 80 coarsen threshold 460 Card regions per heap region 1 cards per card region 4096
 CPUs: 8 total, 8 available
 Memory: 3738M
 Large Page Support: Disabled
 NUMA Support: Disabled
 Compressed Oops: Enabled (Zero based)
 Heap Region Size: 2M
 Heap Min Capacity: 8M
 Heap Initial Capacity: 60M
 Heap Max Capacity: 4G
 Pre-touch: Disabled
 Parallel Workers: 8
 Concurrent Workers: 2
 Concurrent Refinement Workers: 8
 Periodic GC: Disabled
Heap:
 garbage-first heap   total reserved 4194304K, committed 917504K, used 644353K [0x0000000700000000, 0x0000000800000000)
  region size 2048K, 258 young (528384K), 2 survivors (4096K)
 Metaspace       used 84858K, committed 86848K, reserved 983040K
  class space    used 12262K, committed 13248K, reserved 851968K
GC Heap History (20 events):
Event: 183.630 GC heap before
{Heap before GC invocations=78 (full 0):
 garbage-first heap   total reserved 4194304K, committed 356352K, used 324290K [0x0000000700000000, 0x0000000800000000)
  region size 2048K, 104 young (212992K), 2 survivors (4096K)
 Metaspace       used 76048K, committed 78016K, reserved 983040K
  class space    used 10884K, committed 11840K, reserved 851968K
}
Event: 183.902 GC heap after
{Heap after GC invocations=79 (full 0):
 garbage-first heap   total reserved 4194304K, committed 356352K, used 126534K [0x0000000700000000, 0x0000000800000000)
  region size 2048K, 6 young (12288K), 6 survivors (12288K)
 Metaspace       used 76048K, committed 78016K, reserved 983040K
  class space    used 10884K, committed 11840K, reserved 851968K
}
Event: 190.792 GC heap before
{Heap before GC invocations=79 (full 0):
 garbage-first heap   total reserved 4194304K, committed 356352K, used 319046K [0x0000000700000000, 0x0000000800000000)
  region size 2048K, 100 young (204800K), 6 survivors (12288K)
 Metaspace       used 76050K, committed 78016K, reserved 983040K
  class space    used 10884K, committed 11840K, reserved 851968K
}
Event: 190.946 GC heap after
{Heap after GC invocations=80 (full 0):
 garbage-first heap   total reserved 4194304K, committed 428032K, used 129930K [0x0000000700000000, 0x0000000800000000)
  region size 2048K, 8 young (16384K), 8 survivors (16384K)
 Metaspace       used 76050K, committed 78016K, reserved 983040K
  class space    used 10884K, committed 11840K, reserved 851968K
}
Event: 191.005 GC heap before
{Heap before GC invocations=80 (full 0):
 garbage-first heap   total reserved 4194304K, committed 428032K, used 134026K [0x0000000700000000, 0x0000000800000000)
  region size 2048K, 10 young (20480K), 8 survivors (16384K)
 Metaspace       used 76050K, committed 78016K, reserved 983040K
  class space    used 10884K, committed 11840K, reserved 851968K
}
Event: 191.078 GC heap after
{Heap after GC invocations=81 (full 0):
 garbage-first heap   total reserved 4194304K, committed 428032K, used 129609K [0x0000000700000000, 0x0000000800000000)
  region size 2048K, 1 young (2048K), 1 survivors (2048K)
 Metaspace       used 76050K, committed 78016K, reserved 983040K
  class space    used 10884K, committed 11840K, reserved 851968K
}
Event: 196.575 GC heap before
{Heap before GC invocations=81 (full 0):
 garbage-first heap   total reserved 4194304K, committed 428032K, used 383561K [0x0000000700000000, 0x0000000800000000)
  region size 2048K, 125 young (256000K), 1 survivors (2048K)
 Metaspace       used 76050K, committed 78016K, reserved 983040K
  class space    used 10884K, committed 11840K, reserved 851968K
}
Event: 196.648 GC heap after
{Heap after GC invocations=82 (full 0):
 garbage-first heap   total reserved 4194304K, committed 428032K, used 132331K [0x0000000700000000, 0x0000000800000000)
  region size 2048K, 3 young (6144K), 3 survivors (6144K)
 Metaspace       used 76050K, committed 78016K, reserved 983040K
  class space    used 10884K, committed 11840K, reserved 851968K
}
Event: 202.677 GC heap before
{Heap before GC invocations=82 (full 0):
 garbage-first heap   total reserved 4194304K, committed 428032K, used 314603K [0x0000000700000000, 0x0000000800000000)
  region size 2048K, 93 young (190464K), 3 survivors (6144K)
 Metaspace       used 76250K, committed 78272K, reserved 983040K
  class space    used 10919K, committed 11904K, reserved 851968K
}
Event: 202.783 GC heap after
{Heap after GC invocations=83 (full 0):
 garbage-first heap   total reserved 4194304K, committed 428032K, used 127159K [0x0000000700000000, 0x0000000800000000)
  region size 2048K, 3 young (6144K), 3 survivors (6144K)
 Metaspace       used 76250K, committed 78272K, reserved 983040K
  class space    used 10919K, committed 11904K, reserved 851968K
}
Event: 214.914 GC heap before
{Heap before GC invocations=84 (full 0):
 garbage-first heap   total reserved 4194304K, committed 428032K, used 383159K [0x0000000700000000, 0x0000000800000000)
  region size 2048K, 125 young (256000K), 3 survivors (6144K)
 Metaspace       used 84715K, committed 86656K, reserved 983040K
  class space    used 12249K, committed 13184K, reserved 851968K
}
Event: 215.326 GC heap after
{Heap after GC invocations=85 (full 0):
 garbage-first heap   total reserved 4194304K, committed 428032K, used 124560K [0x0000000700000000, 0x0000000800000000)
  region size 2048K, 2 young (4096K), 2 survivors (4096K)
 Metaspace       used 84715K, committed 86656K, reserved 983040K
  class space    used 12249K, committed 13184K, reserved 851968K
}
Event: 224.878 GC heap before
{Heap before GC invocations=85 (full 0):
 garbage-first heap   total reserved 4194304K, committed 428032K, used 376464K [0x0000000700000000, 0x0000000800000000)
  region size 2048K, 125 young (256000K), 2 survivors (4096K)
 Metaspace       used 84827K, committed 86848K, reserved 983040K
  class space    used 12262K, committed 13248K, reserved 851968K
}
Event: 224.979 GC heap after
{Heap after GC invocations=86 (full 0):
 garbage-first heap   total reserved 4194304K, committed 428032K, used 123047K [0x0000000700000000, 0x0000000800000000)
  region size 2048K, 1 young (2048K), 1 survivors (2048K)
 Metaspace       used 84827K, committed 86848K, reserved 983040K
  class space    used 12262K, committed 13248K, reserved 851968K
}
Event: 231.681 GC heap before
{Heap before GC invocations=86 (full 0):
 garbage-first heap   total reserved 4194304K, committed 428032K, used 376999K [0x0000000700000000, 0x0000000800000000)
  region size 2048K, 125 young (256000K), 1 survivors (2048K)
 Metaspace       used 84847K, committed 86848K, reserved 983040K
  class space    used 12262K, committed 13248K, reserved 851968K
}
Event: 231.779 GC heap after
{Heap after GC invocations=87 (full 0):
 garbage-first heap   total reserved 4194304K, committed 428032K, used 123688K [0x0000000700000000, 0x0000000800000000)
  region size 2048K, 2 young (4096K), 2 survivors (4096K)
 Metaspace       used 84847K, committed 86848K, reserved 983040K
  class space    used 12262K, committed 13248K, reserved 851968K
}
Event: 239.157 GC heap before
{Heap before GC invocations=88 (full 0):
 garbage-first heap   total reserved 4194304K, committed 423936K, used 373544K [0x0000000700000000, 0x0000000800000000)
  region size 2048K, 124 young (253952K), 2 survivors (4096K)
 Metaspace       used 84847K, committed 86848K, reserved 983040K
  class space    used 12262K, committed 13248K, reserved 851968K
}
Event: 239.250 GC heap after
{Heap after GC invocations=89 (full 0):
 garbage-first heap   total reserved 4194304K, committed 423936K, used 124394K [0x0000000700000000, 0x0000000800000000)
  region size 2048K, 2 young (4096K), 2 survivors (4096K)
 Metaspace       used 84847K, committed 86848K, reserved 983040K
  class space    used 12262K, committed 13248K, reserved 851968K
}
Event: 245.217 GC heap before
{Heap before GC invocations=89 (full 0):
 garbage-first heap   total reserved 4194304K, committed 423936K, used 374250K [0x0000000700000000, 0x0000000800000000)
  region size 2048K, 124 young (253952K), 2 survivors (4096K)
 Metaspace       used 84847K, committed 86848K, reserved 983040K
  class space    used 12262K, committed 13248K, reserved 851968K
}
Event: 245.311 GC heap after
{Heap after GC invocations=90 (full 0):
 garbage-first heap   total reserved 4194304K, committed 917504K, used 122113K [0x0000000700000000, 0x0000000800000000)
  region size 2048K, 2 young (4096K), 2 survivors (4096K)
 Metaspace       used 84847K, committed 86848K, reserved 983040K
  class space    used 12262K, committed 13248K, reserved 851968K
}

