# JRE version: Java(TM) SE Runtime Environment (22.0.2+9) (build 22.0.2+9-70)
# Java VM: Java HotSpot(TM) 64-Bit Server VM (22.0.2+9-70, mixed mode, sharing, tiered, compressed oops, compressed class ptrs, g1 gc, windows-amd64)
GC Precious Log:
 CardTable entry size: 512
 Card Set container configuration: InlinePtr #cards 4 size 8 Array Of Cards #cards 32 size 80 Howl #buckets 8 coarsen threshold 7372 Howl Bitmap #cards 1024 size 144 coarsen threshold 921 Card regions per heap region 1 cards per card region 8192
 CPUs: 8 total, 8 available
 Memory: 3738M
 Large Page Support: Disabled
 NUMA Support: Disabled
 Compressed Oops: Enabled (Zero based)
 Heap Region Size: 4M
 Heap Min Capacity: 8M
 Heap Initial Capacity: 60M
 Heap Max Capacity: 8G
 Pre-touch: Disabled
 Parallel Workers: 8
 Concurrent Workers: 2
 Concurrent Refinement Workers: 8
 Periodic GC: Disabled
Heap:
 garbage-first heap   total reserved 8388608K, committed 294912K, used 97276K [0x0000000600000000, 0x0000000800000000)
  region size 4096K, 2 young (8192K), 2 survivors (8192K)
 Metaspace       used 74731K, committed 76928K, reserved 1179648K
  class space    used 10886K, committed 11904K, reserved 1048576K
GC Heap History (20 events):
Event: 310.445 GC heap after
{Heap after GC invocations=44 (full 0):
 garbage-first heap   total reserved 8388608K, committed 233472K, used 69788K [0x0000000600000000, 0x0000000800000000)
  region size 4096K, 1 young (4096K), 1 survivors (4096K)
 Metaspace       used 68608K, committed 70720K, reserved 1114112K
  class space    used 9924K, committed 10944K, reserved 1048576K
}
Event: 324.179 GC heap before
{Heap before GC invocations=44 (full 0):
 garbage-first heap   total reserved 8388608K, committed 233472K, used 82076K [0x0000000600000000, 0x0000000800000000)
  region size 4096K, 4 young (16384K), 1 survivors (4096K)
 Metaspace       used 69494K, committed 71616K, reserved 1114112K
  class space    used 10053K, committed 11072K, reserved 1048576K
}
Event: 324.349 GC heap after
{Heap after GC invocations=45 (full 0):
 garbage-first heap   total reserved 8388608K, committed 233472K, used 69019K [0x0000000600000000, 0x0000000800000000)
  region size 4096K, 1 young (4096K), 1 survivors (4096K)
 Metaspace       used 69494K, committed 71616K, reserved 1114112K
  class space    used 10053K, committed 11072K, reserved 1048576K
}
Event: 371.637 GC heap before
{Heap before GC invocations=45 (full 0):
 garbage-first heap   total reserved 8388608K, committed 233472K, used 97691K [0x0000000600000000, 0x0000000800000000)
  region size 4096K, 8 young (32768K), 1 survivors (4096K)
 Metaspace       used 71511K, committed 73664K, reserved 1114112K
  class space    used 10384K, committed 11392K, reserved 1048576K
}
Event: 371.829 GC heap after
{Heap after GC invocations=46 (full 0):
 garbage-first heap   total reserved 8388608K, committed 294912K, used 71442K [0x0000000600000000, 0x0000000800000000)
  region size 4096K, 1 young (4096K), 1 survivors (4096K)
 Metaspace       used 71511K, committed 73664K, reserved 1114112K
  class space    used 10384K, committed 11392K, reserved 1048576K
}
Event: 413.028 GC heap before
{Heap before GC invocations=46 (full 0):
 garbage-first heap   total reserved 8388608K, committed 294912K, used 83730K [0x0000000600000000, 0x0000000800000000)
  region size 4096K, 5 young (20480K), 1 survivors (4096K)
 Metaspace       used 73108K, committed 75200K, reserved 1114112K
  class space    used 10708K, committed 11712K, reserved 1048576K
}
Event: 413.408 GC heap after
{Heap after GC invocations=47 (full 0):
 garbage-first heap   total reserved 8388608K, committed 294912K, used 72775K [0x0000000600000000, 0x0000000800000000)
  region size 4096K, 1 young (4096K), 1 survivors (4096K)
 Metaspace       used 73108K, committed 75200K, reserved 1114112K
  class space    used 10708K, committed 11712K, reserved 1048576K
}
Event: 439.722 GC heap before
{Heap before GC invocations=47 (full 0):
 garbage-first heap   total reserved 8388608K, committed 294912K, used 93255K [0x0000000600000000, 0x0000000800000000)
  region size 4096K, 6 young (24576K), 1 survivors (4096K)
 Metaspace       used 73790K, committed 75968K, reserved 1114112K
  class space    used 10803K, committed 11840K, reserved 1048576K
}
Event: 439.915 GC heap after
{Heap after GC invocations=48 (full 0):
 garbage-first heap   total reserved 8388608K, committed 294912K, used 74849K [0x0000000600000000, 0x0000000800000000)
  region size 4096K, 1 young (4096K), 1 survivors (4096K)
 Metaspace       used 73790K, committed 75968K, reserved 1114112K
  class space    used 10803K, committed 11840K, reserved 1048576K
}
Event: 445.840 GC heap before
{Heap before GC invocations=48 (full 0):
 garbage-first heap   total reserved 8388608K, committed 294912K, used 87137K [0x0000000600000000, 0x0000000800000000)
  region size 4096K, 4 young (16384K), 1 survivors (4096K)
 Metaspace       used 74012K, committed 76160K, reserved 1114112K
  class space    used 10805K, committed 11840K, reserved 1048576K
}
Event: 446.350 GC heap after
{Heap after GC invocations=49 (full 0):
 garbage-first heap   total reserved 8388608K, committed 294912K, used 76207K [0x0000000600000000, 0x0000000800000000)
  region size 4096K, 1 young (4096K), 1 survivors (4096K)
 Metaspace       used 74012K, committed 76160K, reserved 1114112K
  class space    used 10805K, committed 11840K, reserved 1048576K
}
Event: 454.779 GC heap before
{Heap before GC invocations=49 (full 0):
 garbage-first heap   total reserved 8388608K, committed 294912K, used 92591K [0x0000000600000000, 0x0000000800000000)
  region size 4096K, 6 young (24576K), 1 survivors (4096K)
 Metaspace       used 74190K, committed 76352K, reserved 1114112K
  class space    used 10812K, committed 11840K, reserved 1048576K
}
Event: 454.907 GC heap after
{Heap after GC invocations=50 (full 0):
 garbage-first heap   total reserved 8388608K, committed 294912K, used 77959K [0x0000000600000000, 0x0000000800000000)
  region size 4096K, 1 young (4096K), 1 survivors (4096K)
 Metaspace       used 74190K, committed 76352K, reserved 1114112K
  class space    used 10812K, committed 11840K, reserved 1048576K
}
Event: 461.858 GC heap before
{Heap before GC invocations=50 (full 0):
 garbage-first heap   total reserved 8388608K, committed 294912K, used 98439K [0x0000000600000000, 0x0000000800000000)
  region size 4096K, 6 young (24576K), 1 survivors (4096K)
 Metaspace       used 74261K, committed 76416K, reserved 1114112K
  class space    used 10814K, committed 11840K, reserved 1048576K
}
Event: 462.084 GC heap after
{Heap after GC invocations=51 (full 0):
 garbage-first heap   total reserved 8388608K, committed 294912K, used 78941K [0x0000000600000000, 0x0000000800000000)
  region size 4096K, 1 young (4096K), 1 survivors (4096K)
 Metaspace       used 74261K, committed 76416K, reserved 1114112K
  class space    used 10814K, committed 11840K, reserved 1048576K
}
Event: 464.745 GC heap before
{Heap before GC invocations=51 (full 0):
 garbage-first heap   total reserved 8388608K, committed 294912K, used 107613K [0x0000000600000000, 0x0000000800000000)
  region size 4096K, 9 young (36864K), 1 survivors (4096K)
 Metaspace       used 74274K, committed 76416K, reserved 1114112K
  class space    used 10814K, committed 11840K, reserved 1048576K
}
Event: 464.764 GC heap after
{Heap after GC invocations=52 (full 0):
 garbage-first heap   total reserved 8388608K, committed 294912K, used 80147K [0x0000000600000000, 0x0000000800000000)
  region size 4096K, 2 young (8192K), 2 survivors (8192K)
 Metaspace       used 74274K, committed 76416K, reserved 1114112K
  class space    used 10814K, committed 11840K, reserved 1048576K
}
Event: 467.412 GC heap before
{Heap before GC invocations=52 (full 0):
 garbage-first heap   total reserved 8388608K, committed 294912K, used 125203K [0x0000000600000000, 0x0000000800000000)
  region size 4096K, 14 young (57344K), 2 survivors (8192K)
 Metaspace       used 74277K, committed 76416K, reserved 1114112K
  class space    used 10814K, committed 11840K, reserved 1048576K
}
Event: 467.670 GC heap after
{Heap after GC invocations=53 (full 0):
 garbage-first heap   total reserved 8388608K, committed 294912K, used 81565K [0x0000000600000000, 0x0000000800000000)
  region size 4096K, 2 young (8192K), 2 survivors (8192K)
 Metaspace       used 74277K, committed 76416K, reserved 1114112K
  class space    used 10814K, committed 11840K, reserved 1048576K
}
Event: 516.662 GC heap before
{Heap before GC invocations=53 (full 0):
 garbage-first heap   total reserved 8388608K, committed 294912K, used 122525K [0x0000000600000000, 0x0000000800000000)
  region size 4096K, 12 young (49152K), 2 survivors (8192K)
 Metaspace       used 74731K, committed 76928K, reserved 1179648K
  class space    used 10886K, committed 11904K, reserved 1048576K
}

