# JRE version: Java(TM) SE Runtime Environment (22.0.2+9) (build 22.0.2+9-70)
# Java VM: Java HotSpot(TM) 64-Bit Server VM (22.0.2+9-70, mixed mode, sharing, tiered, compressed oops, compressed class ptrs, g1 gc, windows-amd64)
GC Precious Log:
 CardTable entry size: 512
 Card Set container configuration: InlinePtr #cards 4 size 8 Array Of Cards #cards 32 size 80 Howl #buckets 8 coarsen threshold 7372 Howl Bitmap #cards 1024 size 144 coarsen threshold 921 Card regions per heap region 1 cards per card region 8192
 CPUs: 8 total, 8 available
 Memory: 3738M
 Large Page Support: Disabled
 NUMA Support: Disabled
 Compressed Oops: Enabled (Zero based)
 Heap Region Size: 4M
 Heap Min Capacity: 8M
 Heap Initial Capacity: 60M
 Heap Max Capacity: 8G
 Pre-touch: Disabled
 Parallel Workers: 8
 Concurrent Workers: 2
 Concurrent Refinement Workers: 8
 Periodic GC: Disabled
Heap:
 garbage-first heap   total reserved 8388608K, committed 1470464K, used 182283K [0x000000042a800000, 0x000000062a800000)
  region size 4096K, 2 young (8192K), 2 survivors (8192K)
 Metaspace       used 149595K, committed 152192K, reserved 1245184K
  class space    used 19740K, committed 20992K, reserved 1048576K
GC Heap History (20 events):
Event: 102.516 GC heap after
{Heap after GC invocations=102 (full 0):
 garbage-first heap   total reserved 8388608K, committed 368640K, used 177514K [0x000000042a800000, 0x000000062a800000)
  region size 4096K, 3 young (12288K), 3 survivors (12288K)
 Metaspace       used 148372K, committed 150976K, reserved 1179648K
  class space    used 19638K, committed 20928K, reserved 1048576K
}
Event: 105.075 GC heap before
{Heap before GC invocations=103 (full 0):
 garbage-first heap   total reserved 8388608K, committed 368640K, used 329066K [0x000000042a800000, 0x000000062a800000)
  region size 4096K, 40 young (163840K), 3 survivors (12288K)
 Metaspace       used 148984K, committed 151552K, reserved 1179648K
  class space    used 19713K, committed 20992K, reserved 1048576K
}
Event: 105.093 GC heap after
{Heap after GC invocations=104 (full 0):
 garbage-first heap   total reserved 8388608K, committed 368640K, used 179938K [0x000000042a800000, 0x000000062a800000)
  region size 4096K, 3 young (12288K), 3 survivors (12288K)
 Metaspace       used 148984K, committed 151552K, reserved 1179648K
  class space    used 19713K, committed 20992K, reserved 1048576K
}
Event: 105.761 GC heap before
{Heap before GC invocations=104 (full 0):
 garbage-first heap   total reserved 8388608K, committed 368640K, used 327394K [0x000000042a800000, 0x000000062a800000)
  region size 4096K, 40 young (163840K), 3 survivors (12288K)
 Metaspace       used 149492K, committed 152064K, reserved 1245184K
  class space    used 19737K, committed 20992K, reserved 1048576K
}
Event: 105.800 GC heap after
{Heap after GC invocations=105 (full 0):
 garbage-first heap   total reserved 8388608K, committed 671744K, used 176348K [0x000000042a800000, 0x000000062a800000)
  region size 4096K, 3 young (12288K), 3 survivors (12288K)
 Metaspace       used 149492K, committed 152064K, reserved 1245184K
  class space    used 19737K, committed 20992K, reserved 1048576K
}
Event: 116.423 GC heap before
{Heap before GC invocations=105 (full 0):
 garbage-first heap   total reserved 8388608K, committed 671744K, used 499932K [0x000000042a800000, 0x000000062a800000)
  region size 4096K, 83 young (339968K), 3 survivors (12288K)
 Metaspace       used 149555K, committed 152128K, reserved 1245184K
  class space    used 19738K, committed 20992K, reserved 1048576K
}
Event: 118.107 GC heap after
{Heap after GC invocations=106 (full 0):
 garbage-first heap   total reserved 8388608K, committed 671744K, used 175407K [0x000000042a800000, 0x000000062a800000)
  region size 4096K, 4 young (16384K), 4 survivors (16384K)
 Metaspace       used 149555K, committed 152128K, reserved 1245184K
  class space    used 19738K, committed 20992K, reserved 1048576K
}
Event: 118.570 GC heap before
{Heap before GC invocations=106 (full 0):
 garbage-first heap   total reserved 8388608K, committed 671744K, used 191791K [0x000000042a800000, 0x000000062a800000)
  region size 4096K, 8 young (32768K), 4 survivors (16384K)
 Metaspace       used 149555K, committed 152128K, reserved 1245184K
  class space    used 19738K, committed 20992K, reserved 1048576K
}
Event: 118.897 GC heap after
{Heap after GC invocations=107 (full 0):
 garbage-first heap   total reserved 8388608K, committed 671744K, used 175593K [0x000000042a800000, 0x000000062a800000)
  region size 4096K, 1 young (4096K), 1 survivors (4096K)
 Metaspace       used 149555K, committed 152128K, reserved 1245184K
  class space    used 19738K, committed 20992K, reserved 1048576K
}
Event: 119.417 GC heap before
{Heap before GC invocations=107 (full 0):
 garbage-first heap   total reserved 8388608K, committed 671744K, used 228841K [0x000000042a800000, 0x000000062a800000)
  region size 4096K, 15 young (61440K), 1 survivors (4096K)
 Metaspace       used 149556K, committed 152128K, reserved 1245184K
  class space    used 19738K, committed 20992K, reserved 1048576K
}
Event: 119.433 GC heap after
{Heap after GC invocations=108 (full 0):
 garbage-first heap   total reserved 8388608K, committed 671744K, used 174188K [0x000000042a800000, 0x000000062a800000)
  region size 4096K, 1 young (4096K), 1 survivors (4096K)
 Metaspace       used 149556K, committed 152128K, reserved 1245184K
  class space    used 19738K, committed 20992K, reserved 1048576K
}
Event: 125.701 GC heap before
{Heap before GC invocations=108 (full 0):
 garbage-first heap   total reserved 8388608K, committed 671744K, used 428140K [0x000000042a800000, 0x000000062a800000)
  region size 4096K, 64 young (262144K), 1 survivors (4096K)
 Metaspace       used 149571K, committed 152128K, reserved 1245184K
  class space    used 19740K, committed 20992K, reserved 1048576K
}
Event: 125.959 GC heap after
{Heap after GC invocations=109 (full 0):
 garbage-first heap   total reserved 8388608K, committed 1470464K, used 175626K [0x000000042a800000, 0x000000062a800000)
  region size 4096K, 1 young (4096K), 1 survivors (4096K)
 Metaspace       used 149571K, committed 152128K, reserved 1245184K
  class space    used 19740K, committed 20992K, reserved 1048576K
}
Event: 128.073 GC heap before
{Heap before GC invocations=109 (full 0):
 garbage-first heap   total reserved 8388608K, committed 1470464K, used 269834K [0x000000042a800000, 0x000000062a800000)
  region size 4096K, 24 young (98304K), 1 survivors (4096K)
 Metaspace       used 149584K, committed 152128K, reserved 1245184K
  class space    used 19740K, committed 20992K, reserved 1048576K
}
Event: 128.629 GC heap after
{Heap after GC invocations=110 (full 0):
 garbage-first heap   total reserved 8388608K, committed 1470464K, used 180258K [0x000000042a800000, 0x000000062a800000)
  region size 4096K, 2 young (8192K), 2 survivors (8192K)
 Metaspace       used 149584K, committed 152128K, reserved 1245184K
  class space    used 19740K, committed 20992K, reserved 1048576K
}
Event: 129.253 GC heap before
{Heap before GC invocations=110 (full 0):
 garbage-first heap   total reserved 8388608K, committed 1470464K, used 241698K [0x000000042a800000, 0x000000062a800000)
  region size 4096K, 17 young (69632K), 2 survivors (8192K)
 Metaspace       used 149594K, committed 152192K, reserved 1245184K
  class space    used 19740K, committed 20992K, reserved 1048576K
}
Event: 129.650 GC heap after
{Heap after GC invocations=111 (full 0):
 garbage-first heap   total reserved 8388608K, committed 1470464K, used 181328K [0x000000042a800000, 0x000000062a800000)
  region size 4096K, 2 young (8192K), 2 survivors (8192K)
 Metaspace       used 149594K, committed 152192K, reserved 1245184K
  class space    used 19740K, committed 20992K, reserved 1048576K
}
Event: 130.130 GC heap before
{Heap before GC invocations=111 (full 0):
 garbage-first heap   total reserved 8388608K, committed 1470464K, used 242768K [0x000000042a800000, 0x000000062a800000)
  region size 4096K, 17 young (69632K), 2 survivors (8192K)
 Metaspace       used 149595K, committed 152192K, reserved 1245184K
  class space    used 19740K, committed 20992K, reserved 1048576K
}
Event: 130.195 GC heap after
{Heap after GC invocations=112 (full 0):
 garbage-first heap   total reserved 8388608K, committed 1470464K, used 181882K [0x000000042a800000, 0x000000062a800000)
  region size 4096K, 2 young (8192K), 2 survivors (8192K)
 Metaspace       used 149595K, committed 152192K, reserved 1245184K
  class space    used 19740K, committed 20992K, reserved 1048576K
}
Event: 130.740 GC heap before
{Heap before GC invocations=112 (full 0):
 garbage-first heap   total reserved 8388608K, committed 1470464K, used 243322K [0x000000042a800000, 0x000000062a800000)
  region size 4096K, 17 young (69632K), 2 survivors (8192K)
 Metaspace       used 149595K, committed 152192K, reserved 1245184K
  class space    used 19740K, committed 20992K, reserved 1048576K
}

