# JRE version: Java(TM) SE Runtime Environment (22.0.2+9) (build 22.0.2+9-70)
# Java VM: Java HotSpot(TM) 64-Bit Server VM (22.0.2+9-70, mixed mode, sharing, tiered, compressed oops, compressed class ptrs, g1 gc, windows-amd64)
GC Precious Log:
 CardTable entry size: 512
 Card Set container configuration: InlinePtr #cards 4 size 8 Array Of Cards #cards 32 size 80 Howl #buckets 8 coarsen threshold 7372 Howl Bitmap #cards 1024 size 144 coarsen threshold 921 Card regions per heap region 1 cards per card region 8192
 CPUs: 8 total, 8 available
 Memory: 3738M
 Large Page Support: Disabled
 NUMA Support: Disabled
 Compressed Oops: Enabled (Zero based)
 Heap Region Size: 4M
 Heap Min Capacity: 8M
 Heap Initial Capacity: 60M
 Heap Max Capacity: 8G
 Pre-touch: Disabled
 Parallel Workers: 8
 Concurrent Workers: 2
 Concurrent Refinement Workers: 8
 Periodic GC: Disabled
Heap:
 garbage-first heap   total reserved 8388608K, committed 1118208K, used 237355K [0x0000000600000000, 0x0000000800000000)
  region size 4096K, 1 young (4096K), 1 survivors (4096K)
 Metaspace       used 148556K, committed 151360K, reserved 1245184K
  class space    used 19838K, committed 21184K, reserved 1048576K
GC Heap History (20 events):
Event: 1540.114 GC heap after
{Heap after GC invocations=77 (full 0):
 garbage-first heap   total reserved 8388608K, committed 589824K, used 173923K [0x0000000600000000, 0x0000000800000000)
  region size 4096K, 1 young (4096K), 1 survivors (4096K)
 Metaspace       used 140642K, committed 143360K, reserved 1179648K
  class space    used 18831K, committed 20160K, reserved 1048576K
}
Event: 1582.116 GC heap before
{Heap before GC invocations=77 (full 0):
 garbage-first heap   total reserved 8388608K, committed 589824K, used 292707K [0x0000000600000000, 0x0000000800000000)
  region size 4096K, 30 young (122880K), 1 survivors (4096K)
 Metaspace       used 147053K, committed 149824K, reserved 1179648K
  class space    used 19668K, committed 20992K, reserved 1048576K
}
Event: 1582.243 GC heap after
{Heap after GC invocations=78 (full 0):
 garbage-first heap   total reserved 8388608K, committed 589824K, used 185708K [0x0000000600000000, 0x0000000800000000)
  region size 4096K, 3 young (12288K), 3 survivors (12288K)
 Metaspace       used 147053K, committed 149824K, reserved 1179648K
  class space    used 19668K, committed 20992K, reserved 1048576K
}
Event: 1583.424 GC heap before
{Heap before GC invocations=78 (full 0):
 garbage-first heap   total reserved 8388608K, committed 589824K, used 210284K [0x0000000600000000, 0x0000000800000000)
  region size 4096K, 9 young (36864K), 3 survivors (12288K)
 Metaspace       used 147225K, committed 150016K, reserved 1179648K
  class space    used 19696K, committed 21056K, reserved 1048576K
}
Event: 1583.450 GC heap after
{Heap after GC invocations=79 (full 0):
 garbage-first heap   total reserved 8388608K, committed 589824K, used 188066K [0x0000000600000000, 0x0000000800000000)
  region size 4096K, 1 young (4096K), 1 survivors (4096K)
 Metaspace       used 147225K, committed 150016K, reserved 1179648K
  class space    used 19696K, committed 21056K, reserved 1048576K
}
Event: 1587.618 GC heap before
{Heap before GC invocations=79 (full 0):
 garbage-first heap   total reserved 8388608K, committed 589824K, used 315042K [0x0000000600000000, 0x0000000800000000)
  region size 4096K, 33 young (135168K), 1 survivors (4096K)
 Metaspace       used 148243K, committed 151040K, reserved 1179648K
  class space    used 19830K, committed 21184K, reserved 1048576K
}
Event: 1587.666 GC heap after
{Heap after GC invocations=80 (full 0):
 garbage-first heap   total reserved 8388608K, committed 589824K, used 208181K [0x0000000600000000, 0x0000000800000000)
  region size 4096K, 5 young (20480K), 5 survivors (20480K)
 Metaspace       used 148243K, committed 151040K, reserved 1179648K
  class space    used 19830K, committed 21184K, reserved 1048576K
}
Event: 1588.026 GC heap before
{Heap before GC invocations=80 (full 0):
 garbage-first heap   total reserved 8388608K, committed 589824K, used 245045K [0x0000000600000000, 0x0000000800000000)
  region size 4096K, 14 young (57344K), 5 survivors (20480K)
 Metaspace       used 148375K, committed 151168K, reserved 1179648K
  class space    used 19835K, committed 21184K, reserved 1048576K
}
Event: 1588.134 GC heap after
{Heap after GC invocations=81 (full 0):
 garbage-first heap   total reserved 8388608K, committed 589824K, used 227327K [0x0000000600000000, 0x0000000800000000)
  region size 4096K, 2 young (8192K), 2 survivors (8192K)
 Metaspace       used 148375K, committed 151168K, reserved 1179648K
  class space    used 19835K, committed 21184K, reserved 1048576K
}
Event: 1588.480 GC heap before
{Heap before GC invocations=81 (full 0):
 garbage-first heap   total reserved 8388608K, committed 589824K, used 251903K [0x0000000600000000, 0x0000000800000000)
  region size 4096K, 9 young (36864K), 2 survivors (8192K)
 Metaspace       used 148422K, committed 151232K, reserved 1179648K
  class space    used 19835K, committed 21184K, reserved 1048576K
}
Event: 1588.522 GC heap after
{Heap after GC invocations=82 (full 0):
 garbage-first heap   total reserved 8388608K, committed 1118208K, used 231703K [0x0000000600000000, 0x0000000800000000)
  region size 4096K, 2 young (8192K), 2 survivors (8192K)
 Metaspace       used 148422K, committed 151232K, reserved 1179648K
  class space    used 19835K, committed 21184K, reserved 1048576K
}
Event: 1589.150 GC heap before
{Heap before GC invocations=82 (full 0):
 garbage-first heap   total reserved 8388608K, committed 1118208K, used 293143K [0x0000000600000000, 0x0000000800000000)
  region size 4096K, 17 young (69632K), 2 survivors (8192K)
 Metaspace       used 148454K, committed 151296K, reserved 1179648K
  class space    used 19835K, committed 21184K, reserved 1048576K
}
Event: 1589.195 GC heap after
{Heap after GC invocations=83 (full 0):
 garbage-first heap   total reserved 8388608K, committed 1118208K, used 236867K [0x0000000600000000, 0x0000000800000000)
  region size 4096K, 3 young (12288K), 3 survivors (12288K)
 Metaspace       used 148454K, committed 151296K, reserved 1179648K
  class space    used 19835K, committed 21184K, reserved 1048576K
}
Event: 1590.431 GC heap before
{Heap before GC invocations=84 (full 0):
 garbage-first heap   total reserved 8388608K, committed 794624K, used 326979K [0x0000000600000000, 0x0000000800000000)
  region size 4096K, 25 young (102400K), 3 survivors (12288K)
 Metaspace       used 148507K, committed 151296K, reserved 1179648K
  class space    used 19838K, committed 21184K, reserved 1048576K
}
Event: 1590.492 GC heap after
{Heap after GC invocations=85 (full 0):
 garbage-first heap   total reserved 8388608K, committed 794624K, used 242091K [0x0000000600000000, 0x0000000800000000)
  region size 4096K, 3 young (12288K), 3 survivors (12288K)
 Metaspace       used 148507K, committed 151296K, reserved 1179648K
  class space    used 19838K, committed 21184K, reserved 1048576K
}
Event: 1591.219 GC heap before
{Heap before GC invocations=85 (full 0):
 garbage-first heap   total reserved 8388608K, committed 794624K, used 307627K [0x0000000600000000, 0x0000000800000000)
  region size 4096K, 19 young (77824K), 3 survivors (12288K)
 Metaspace       used 148535K, committed 151360K, reserved 1245184K
  class space    used 19838K, committed 21184K, reserved 1048576K
}
Event: 1591.305 GC heap after
{Heap after GC invocations=86 (full 0):
 garbage-first heap   total reserved 8388608K, committed 794624K, used 242938K [0x0000000600000000, 0x0000000800000000)
  region size 4096K, 2 young (8192K), 2 survivors (8192K)
 Metaspace       used 148535K, committed 151360K, reserved 1245184K
  class space    used 19838K, committed 21184K, reserved 1048576K
}
Event: 1591.888 GC heap before
{Heap before GC invocations=86 (full 0):
 garbage-first heap   total reserved 8388608K, committed 794624K, used 271610K [0x0000000600000000, 0x0000000800000000)
  region size 4096K, 9 young (36864K), 2 survivors (8192K)
 Metaspace       used 148552K, committed 151360K, reserved 1245184K
  class space    used 19838K, committed 21184K, reserved 1048576K
}
Event: 1592.325 GC heap after
{Heap after GC invocations=87 (full 0):
 garbage-first heap   total reserved 8388608K, committed 794624K, used 240261K [0x0000000600000000, 0x0000000800000000)
  region size 4096K, 1 young (4096K), 1 survivors (4096K)
 Metaspace       used 148552K, committed 151360K, reserved 1245184K
  class space    used 19838K, committed 21184K, reserved 1048576K
}
Event: 1592.954 GC heap before
{Heap before GC invocations=87 (full 0):
 garbage-first heap   total reserved 8388608K, committed 794624K, used 273029K [0x0000000600000000, 0x0000000800000000)
  region size 4096K, 9 young (36864K), 1 survivors (4096K)
 Metaspace       used 148556K, committed 151360K, reserved 1245184K
  class space    used 19838K, committed 21184K, reserved 1048576K
}

